<!DOCTYPE html>

<html>
  <head>
  <meta charset='utf-8'>
  <title>TestNG reports</title>

    <link type="text/css" href="testng-reports1.css" rel="stylesheet" id="ultra" />
    <link type="text/css" href="testng-reports.css" rel="stylesheet" id="retro" disabled="false"/>
    <script type="text/javascript" src="jquery-3.6.0.min.js"></script>
    <script type="text/javascript" src="testng-reports.js"></script>
    <script type="text/javascript" src="https://www.google.com/jsapi"></script>
    <script type='text/javascript'>
      google.load('visualization', '1', {packages:['table']});
      google.setOnLoadCallback(drawTable);
      var suiteTableInitFunctions = new Array();
      var suiteTableData = new Array();
    </script>
    <!--
      <script type="text/javascript" src="jquery-ui/js/jquery-ui-1.8.16.custom.min.js"></script>
     -->
  </head>

  <body>    <div class="top-banner-root">
      <span class="top-banner-title-font">Test results</span>
      <button id="button" class="button">Switch Retro Theme</button> <!-- button -->
      <br/>
      <span class="top-banner-font-1">1 suite, 1 failed test</span>
    </div> <!-- top-banner-root -->
    <div class="navigator-root">
      <div class="navigator-suite-header">
        <span>All suites</span>
        <a href="#" title="Collapse/expand all the suites" class="collapse-all-link">
          <img src="collapseall.gif" class="collapse-all-icon">
          </img> <!-- collapse-all-icon -->
        </a> <!-- collapse-all-link -->
      </div> <!-- navigator-suite-header -->
      <div class="suite">
        <div class="rounded-window">
          <div class="suite-header light-rounded-window-top">
            <a href="#" panel-name="suite-Link_Test_Execution_Status" class="navigator-link">
              <span class="suite-name border-failed">Link Test Execution Status</span>
            </a> <!-- navigator-link -->
          </div> <!-- suite-header light-rounded-window-top -->
          <div class="navigator-suite-content">
            <div class="suite-section-title">
              <span>Info</span>
            </div> <!-- suite-section-title -->
            <div class="suite-section-content">
              <ul>
                <li>
                  <a href="#" panel-name="test-xml-Link_Test_Execution_Status" class="navigator-link ">
                    <span>C:\Users\Appala Naidu\git\repository6\Link\testng.xml</span>
                  </a> <!-- navigator-link  -->
                </li>
                <li>
                  <a href="#" panel-name="testlist-Link_Test_Execution_Status" class="navigator-link ">
                    <span class="test-stats">1 test</span>
                  </a> <!-- navigator-link  -->
                </li>
                <li>
                  <a href="#" panel-name="group-Link_Test_Execution_Status" class="navigator-link ">
                    <span>0 groups</span>
                  </a> <!-- navigator-link  -->
                </li>
                <li>
                  <a href="#" panel-name="times-Link_Test_Execution_Status" class="navigator-link ">
                    <span>Times</span>
                  </a> <!-- navigator-link  -->
                </li>
                <li>
                  <a href="#" panel-name="reporter-Link_Test_Execution_Status" class="navigator-link ">
                    <span>Reporter output</span>
                  </a> <!-- navigator-link  -->
                </li>
                <li>
                  <a href="#" panel-name="ignored-methods-Link_Test_Execution_Status" class="navigator-link ">
                    <span>Ignored methods</span>
                  </a> <!-- navigator-link  -->
                </li>
                <li>
                  <a href="#" panel-name="chronological-Link_Test_Execution_Status" class="navigator-link ">
                    <span>Chronological view</span>
                  </a> <!-- navigator-link  -->
                </li>
              </ul>
            </div> <!-- suite-section-content -->
            <div class="result-section">
              <div class="suite-section-title">
                <span>Results</span>
              </div> <!-- suite-section-title -->
              <div class="suite-section-content">
                <ul>
                  <li>
                    <span class="method-stats">3 methods, 1 failed,   2 passed</span>
                  </li>
                  <li>
                    <span class="method-list-title failed">Failed methods</span>
                    <span class="show-or-hide-methods failed">
                      <a href="#" panel-name="suite-Link_Test_Execution_Status" class="hide-methods failed suite-Link_Test_Execution_Status"> (hide)</a> <!-- hide-methods failed suite-Link_Test_Execution_Status -->
                      <a href="#" panel-name="suite-Link_Test_Execution_Status" class="show-methods failed suite-Link_Test_Execution_Status"> (show)</a> <!-- show-methods failed suite-Link_Test_Execution_Status -->
                    </span>
                    <div class="method-list-content failed suite-Link_Test_Execution_Status">
                      <span>
                        <img src="failed.png" width="3%"/>
                        <a href="#" panel-name="suite-Link_Test_Execution_Status" title="tests.PlatformAdminSanityTest" class="method navigator-link" hash-for-method="VerifyPlatformAdminFunctionalityOnLocationsScreen(dev)">VerifyPlatformAdminFunctionalityOnLocationsScreen(dev)</a> <!-- method navigator-link -->
                      </span>
                      <br/>
                    </div> <!-- method-list-content failed suite-Link_Test_Execution_Status -->
                  </li>
                  <li>
                    <span class="method-list-title passed">Passed methods</span>
                    <span class="show-or-hide-methods passed">
                      <a href="#" panel-name="suite-Link_Test_Execution_Status" class="hide-methods passed suite-Link_Test_Execution_Status"> (hide)</a> <!-- hide-methods passed suite-Link_Test_Execution_Status -->
                      <a href="#" panel-name="suite-Link_Test_Execution_Status" class="show-methods passed suite-Link_Test_Execution_Status"> (show)</a> <!-- show-methods passed suite-Link_Test_Execution_Status -->
                    </span>
                    <div class="method-list-content passed suite-Link_Test_Execution_Status">
                      <span>
                        <img src="passed.png" width="3%"/>
                        <a href="#" panel-name="suite-Link_Test_Execution_Status" title="tests.PlatformAdminSanityTest" class="method navigator-link" hash-for-method="VerifyPlatformAdminFunctionalityOnDevicesScreen(dev)">VerifyPlatformAdminFunctionalityOnDevicesScreen(dev)</a> <!-- method navigator-link -->
                      </span>
                      <br/>
                      <span>
                        <img src="passed.png" width="3%"/>
                        <a href="#" panel-name="suite-Link_Test_Execution_Status" title="tests.PlatformAdminSanityTest" class="method navigator-link" hash-for-method="testValidLoginAndLogOut(dev)">testValidLoginAndLogOut(dev)</a> <!-- method navigator-link -->
                      </span>
                      <br/>
                    </div> <!-- method-list-content passed suite-Link_Test_Execution_Status -->
                  </li>
                </ul>
              </div> <!-- suite-section-content -->
            </div> <!-- result-section -->
          </div> <!-- navigator-suite-content -->
        </div> <!-- rounded-window -->
      </div> <!-- suite -->
    </div> <!-- navigator-root -->
    <div class="wrapper">
      <div class="main-panel-root">
        <div panel-name="suite-Link_Test_Execution_Status" class="panel Link_Test_Execution_Status">
          <div class="suite-Link_Test_Execution_Status-class-failed">
            <div class="main-panel-header rounded-window-top">
              <img src="failed.png"/>
              <span class="class-name">tests.PlatformAdminSanityTest</span>
            </div> <!-- main-panel-header rounded-window-top -->
            <div class="main-panel-content rounded-window-bottom">
              <div class="method">
                <div class="method-content">
                  <a name="VerifyPlatformAdminFunctionalityOnLocationsScreen(dev)">
                  </a> <!-- VerifyPlatformAdminFunctionalityOnLocationsScreen(dev) -->
                  <span class="method-name">VerifyPlatformAdminFunctionalityOnLocationsScreen</span>
                  <span class="parameters">(dev)</span>
                  <div class="stack-trace">org.openqa.selenium.NoSuchElementException: no such element: Unable to locate element: {&quot;method&quot;:&quot;xpath&quot;,&quot;selector&quot;:&quot;//label[contains(text(), &apos;Location_jukYI&apos;)]//following::img[@alt=&apos;delete&apos;]&quot;}
  (Session info: chrome=137.0.7151.122)
For documentation on this error, please visit: https://www.selenium.dev/documentation/webdriver/troubleshooting/errors#no-such-element-exception
Build info: version: &apos;4.30.0&apos;, revision: &apos;509c7f17cc*&apos;
System info: os.name: &apos;Windows 11&apos;, os.arch: &apos;amd64&apos;, os.version: &apos;10.0&apos;, java.version: &apos;11.0.22&apos;
Driver info: org.openqa.selenium.chrome.ChromeDriver
Command: [74cce7008e69ece57d4b07029ff9dad1, findElement {using=xpath, value=//label[contains(text(), &apos;Location_jukYI&apos;)]//following::img[@alt=&apos;delete&apos;]}]
Capabilities {acceptInsecureCerts: false, browserName: chrome, browserVersion: 137.0.7151.122, chrome: {chromedriverVersion: 137.0.7151.119 (e0ac9d12dff..., userDataDir: C:\Users\APPALA~1\AppData\L...}, fedcm:accounts: true, goog:chromeOptions: {debuggerAddress: localhost:52946}, networkConnectionEnabled: false, pageLoadStrategy: normal, platformName: windows, proxy: Proxy(), se:cdp: ws://localhost:52946/devtoo..., se:cdpVersion: 137.0.7151.122, setWindowRect: true, strictFileInteractability: false, timeouts: {implicit: 0, pageLoad: 300000, script: 30000}, unhandledPromptBehavior: dismiss and notify, webauthn:extension:credBlob: true, webauthn:extension:largeBlob: true, webauthn:extension:minPinLength: true, webauthn:extension:prf: true, webauthn:virtualAuthenticators: true}
Session ID: 74cce7008e69ece57d4b07029ff9dad1
	at org.openqa.selenium.remote.ErrorCodec.decode(ErrorCodec.java:167)
	at org.openqa.selenium.remote.codec.w3c.W3CHttpResponseCodec.decode(W3CHttpResponseCodec.java:138)
	at org.openqa.selenium.remote.codec.w3c.W3CHttpResponseCodec.decode(W3CHttpResponseCodec.java:50)
	at org.openqa.selenium.remote.HttpCommandExecutor.execute(HttpCommandExecutor.java:215)
	at org.openqa.selenium.remote.service.DriverCommandExecutor.invokeExecute(DriverCommandExecutor.java:216)
	at org.openqa.selenium.remote.service.DriverCommandExecutor.execute(DriverCommandExecutor.java:174)
	at org.openqa.selenium.remote.RemoteWebDriver.execute(RemoteWebDriver.java:545)
	at org.openqa.selenium.remote.ElementLocation$ElementFinder$2.findElement(ElementLocation.java:165)
	at org.openqa.selenium.remote.ElementLocation.findElement(ElementLocation.java:59)
	at org.openqa.selenium.remote.RemoteWebDriver.findElement(RemoteWebDriver.java:368)
	at org.openqa.selenium.remote.RemoteWebDriver.findElement(RemoteWebDriver.java:362)
	at pages.LocationsPage.deleteLocationName(LocationsPage.java:300)
	at tests.PlatformAdminSanityTest.VerifyPlatformAdminFunctionalityOnLocationsScreen(PlatformAdminSanityTest.java:115)
	at java.base/java.util.ArrayList.forEach(ArrayList.java:1541)
	at java.base/java.util.concurrent.FutureTask.run(FutureTask.java:264)
	at java.base/java.util.concurrent.ThreadPoolExecutor.runWorker(ThreadPoolExecutor.java:1128)
	at java.base/java.util.concurrent.ThreadPoolExecutor$Worker.run(ThreadPoolExecutor.java:628)
	at java.base/java.lang.Thread.run(Thread.java:834)
... Removed 21 stack frames
</div> <!-- stack-trace -->
                </div> <!-- method-content -->
              </div> <!-- method -->
            </div> <!-- main-panel-content rounded-window-bottom -->
          </div> <!-- suite-Link_Test_Execution_Status-class-failed -->
          <div class="suite-Link_Test_Execution_Status-class-passed">
            <div class="main-panel-header rounded-window-top">
              <img src="passed.png"/>
              <span class="class-name">tests.PlatformAdminSanityTest</span>
            </div> <!-- main-panel-header rounded-window-top -->
            <div class="main-panel-content rounded-window-bottom">
              <div class="method">
                <div class="method-content">
                  <a name="VerifyPlatformAdminFunctionalityOnDevicesScreen(dev)">
                  </a> <!-- VerifyPlatformAdminFunctionalityOnDevicesScreen(dev) -->
                  <span class="method-name">VerifyPlatformAdminFunctionalityOnDevicesScreen</span>
                  <span class="parameters">(dev)</span>
                </div> <!-- method-content -->
              </div> <!-- method -->
              <div class="method">
                <div class="method-content">
                  <a name="testValidLoginAndLogOut(dev)">
                  </a> <!-- testValidLoginAndLogOut(dev) -->
                  <span class="method-name">testValidLoginAndLogOut</span>
                  <span class="parameters">(dev)</span>
                </div> <!-- method-content -->
              </div> <!-- method -->
            </div> <!-- main-panel-content rounded-window-bottom -->
          </div> <!-- suite-Link_Test_Execution_Status-class-passed -->
        </div> <!-- panel Link_Test_Execution_Status -->
        <div panel-name="test-xml-Link_Test_Execution_Status" class="panel">
          <div class="main-panel-header rounded-window-top">
            <span class="header-content">C:\Users\Appala Naidu\git\repository6\Link\testng.xml</span>
          </div> <!-- main-panel-header rounded-window-top -->
          <div class="main-panel-content rounded-window-bottom">
            <pre>
&lt;?xml version=&quot;1.0&quot; encoding=&quot;UTF-8&quot;?&gt;
&lt;!DOCTYPE suite SYSTEM &quot;https://testng.org/testng-1.0.dtd&quot;&gt;
&lt;suite thread-count=&quot;1&quot; parallel=&quot;tests&quot; name=&quot;Link Test Execution Status&quot;&gt;
  &lt;parameter name=&quot;env&quot; value=&quot;dev&quot;/&gt;
  &lt;test thread-count=&quot;1&quot; parallel=&quot;tests&quot; name=&quot;PlatformAdminSanityTest&quot;&gt;
    &lt;classes&gt;
      &lt;class name=&quot;tests.PlatformAdminSanityTest&quot;/&gt;
    &lt;/classes&gt;
  &lt;/test&gt; &lt;!-- PlatformAdminSanityTest --&gt;
&lt;/suite&gt; &lt;!-- Link Test Execution Status --&gt;
            </pre>
          </div> <!-- main-panel-content rounded-window-bottom -->
        </div> <!-- panel -->
        <div panel-name="testlist-Link_Test_Execution_Status" class="panel">
          <div class="main-panel-header rounded-window-top">
            <span class="header-content">Tests for Link Test Execution Status</span>
          </div> <!-- main-panel-header rounded-window-top -->
          <div class="main-panel-content rounded-window-bottom">
            <ul>
              <li>
                <span class="test-name">PlatformAdminSanityTest (1 class)</span>
              </li>
            </ul>
          </div> <!-- main-panel-content rounded-window-bottom -->
        </div> <!-- panel -->
        <div panel-name="group-Link_Test_Execution_Status" class="panel">
          <div class="main-panel-header rounded-window-top">
            <span class="header-content">Groups for Link Test Execution Status</span>
          </div> <!-- main-panel-header rounded-window-top -->
          <div class="main-panel-content rounded-window-bottom">
          </div> <!-- main-panel-content rounded-window-bottom -->
        </div> <!-- panel -->
        <div panel-name="times-Link_Test_Execution_Status" class="panel">
          <div class="main-panel-header rounded-window-top">
            <span class="header-content">Times for Link Test Execution Status</span>
          </div> <!-- main-panel-header rounded-window-top -->
          <div class="main-panel-content rounded-window-bottom">
            <div class="times-div">
              <script type="text/javascript">
suiteTableInitFunctions.push('tableData_Link_Test_Execution_Status');
function tableData_Link_Test_Execution_Status() {
var data = new google.visualization.DataTable();
data.addColumn('number', 'Number');
data.addColumn('string', 'Method');
data.addColumn('string', 'Class');
data.addColumn('number', 'Time (ms)');
data.addRows(3);
data.setCell(0, 0, 0)
data.setCell(0, 1, 'VerifyPlatformAdminFunctionalityOnDevicesScreen')
data.setCell(0, 2, 'tests.PlatformAdminSanityTest')
data.setCell(0, 3, 38865);
data.setCell(1, 0, 1)
data.setCell(1, 1, 'VerifyPlatformAdminFunctionalityOnLocationsScreen')
data.setCell(1, 2, 'tests.PlatformAdminSanityTest')
data.setCell(1, 3, 20204);
data.setCell(2, 0, 2)
data.setCell(2, 1, 'testValidLoginAndLogOut')
data.setCell(2, 2, 'tests.PlatformAdminSanityTest')
data.setCell(2, 3, 10668);
window.suiteTableData['Link_Test_Execution_Status']= { tableData: data, tableDiv: 'times-div-Link_Test_Execution_Status'}
return data;
}
              </script>
              <span class="suite-total-time">Total running time: 2 minutes</span>
              <div id="times-div-Link_Test_Execution_Status">
              </div> <!-- times-div-Link_Test_Execution_Status -->
            </div> <!-- times-div -->
          </div> <!-- main-panel-content rounded-window-bottom -->
        </div> <!-- panel -->
        <div panel-name="reporter-Link_Test_Execution_Status" class="panel">
          <div class="main-panel-header rounded-window-top">
            <span class="header-content">Reporter output for Link Test Execution Status</span>
          </div> <!-- main-panel-header rounded-window-top -->
          <div class="main-panel-content rounded-window-bottom">
          </div> <!-- main-panel-content rounded-window-bottom -->
        </div> <!-- panel -->
        <div panel-name="ignored-methods-Link_Test_Execution_Status" class="panel">
          <div class="main-panel-header rounded-window-top">
            <span class="header-content">0 ignored methods</span>
          </div> <!-- main-panel-header rounded-window-top -->
          <div class="main-panel-content rounded-window-bottom">
          </div> <!-- main-panel-content rounded-window-bottom -->
        </div> <!-- panel -->
        <div panel-name="chronological-Link_Test_Execution_Status" class="panel">
          <div class="main-panel-header rounded-window-top">
            <span class="header-content">Methods in chronological order</span>
          </div> <!-- main-panel-header rounded-window-top -->
          <div class="main-panel-content rounded-window-bottom">
            <div class="chronological-class">
              <div class="chronological-class-name">tests.PlatformAdminSanityTest</div> <!-- chronological-class-name -->
              <div class="configuration-test before">
                <span class="method-name">StartTest(dev)</span>
                <span class="method-start">0 ms</span>
              </div> <!-- configuration-test before -->
              <div class="configuration-method before">
                <span class="method-name">setUp(dev)</span>
                <span class="method-start">222 ms</span>
              </div> <!-- configuration-method before -->
              <div class="test-method">
                <span class="method-name">VerifyPlatformAdminFunctionalityOnDevicesScreen(dev)</span>
                <span class="method-start">44153 ms</span>
              </div> <!-- test-method -->
              <div class="configuration-method after">
                <span class="method-name">tearDown([TestResult name=VerifyPlatformAdminFunctionalityOnDevicesScreen status=SUCCESS method=PlatformAdmin...)</span>
                <span class="method-start">83025 ms</span>
              </div> <!-- configuration-method after -->
              <div class="configuration-method before">
                <span class="method-name">setUp(dev)</span>
                <span class="method-start">83243 ms</span>
              </div> <!-- configuration-method before -->
              <div class="test-method">
                <img src="failed.png">
                </img>
                <span class="method-name">VerifyPlatformAdminFunctionalityOnLocationsScreen(dev)</span>
                <span class="method-start">89622 ms</span>
              </div> <!-- test-method -->
              <div class="configuration-method after">
                <span class="method-name">tearDown([TestResult name=VerifyPlatformAdminFunctionalityOnLocationsScreen status=FAILURE method=PlatformAdm...)</span>
                <span class="method-start">109829 ms</span>
              </div> <!-- configuration-method after -->
              <div class="configuration-method before">
                <span class="method-name">setUp(dev)</span>
                <span class="method-start">110179 ms</span>
              </div> <!-- configuration-method before -->
              <div class="test-method">
                <span class="method-name">testValidLoginAndLogOut(dev)</span>
                <span class="method-start">122582 ms</span>
              </div> <!-- test-method -->
              <div class="configuration-method after">
                <span class="method-name">tearDown([TestResult name=testValidLoginAndLogOut status=SUCCESS method=PlatformAdminSanityTest.testValidLogi...)</span>
                <span class="method-start">133251 ms</span>
              </div> <!-- configuration-method after -->
              <div class="configuration-test after">
                <span class="method-name">endTest</span>
                <span class="method-start">133437 ms</span>
              </div> <!-- configuration-test after -->
          </div> <!-- main-panel-content rounded-window-bottom -->
        </div> <!-- panel -->
      </div> <!-- main-panel-root -->
    </div> <!-- wrapper -->
  </body>
<script type="text/javascript" src="testng-reports2.js"></script>
</html>
